<?xml version="1.0" encoding="UTF-8"?>
<!-- Generated by org.testng.reporters.JUnitReportReporter -->
<testsuite hostname="Pavan-PC" failures="0" tests="1" name="com.test.FirstTest" time="13.135" errors="0" timestamp="2021-12-23T21:49:38 IST" skipped="0">
  <testcase classname="com.test.FirstTest" name="methodOne" time="13.135"/>
  <system-out/>
</testsuite> <!-- com.test.FirstTest -->
